Release 14.2 Map P.28xd (nt64)
Xilinx Mapping Report File for Design 'cubefield'

Design Information
------------------
Command Line   : map -intstyle ise -p xc3s100e-cp132-4 -cm area -ir off -pr off
-c 100 -o cubefield_map.ncd cubefield.ngd cubefield.pcf 
Target Device  : xc3s100e
Target Package : cp132
Target Speed   : -4
Mapper Version : spartan3e -- $Revision: 1.55 $
Mapped Date    : Tue Jan 07 20:28:56 2014

Design Summary
--------------
Number of errors:      0
Number of warnings:    0
Logic Utilization:
  Number of Slice Flip Flops:           492 out of   1,920   25%
  Number of 4 input LUTs:             1,633 out of   1,920   85%
Logic Distribution:
  Number of occupied Slices:            958 out of     960   99%
    Number of Slices containing only related logic:     958 out of     958 100%
    Number of Slices containing unrelated logic:          0 out of     958   0%
      *See NOTES below for an explanation of the effects of unrelated logic.
  Total Number of 4 input LUTs:       1,811 out of   1,920   94%
    Number used as logic:             1,633
    Number used as a route-thru:        178

  The Slice Logic Distribution report is not meaningful if the design is
  over-mapped for a non-slice resource or if Placement fails.

  Number of bonded IOBs:                 21 out of      83   25%
  Number of RAMB16s:                      1 out of       4   25%
  Number of BUFGMUXs:                     5 out of      24   20%

Average Fanout of Non-Clock Nets:                3.05

Peak Memory Usage:  250 MB
Total REAL time to MAP completion:  5 secs 
Total CPU time to MAP completion:   5 secs 

NOTES:

   Related logic is defined as being logic that shares connectivity - e.g. two
   LUTs are "related" if they share common inputs.  When assembling slices,
   Map gives priority to combine logic that is related.  Doing so results in
   the best timing performance.

   Unrelated logic shares no connectivity.  Map will only begin packing
   unrelated logic into a slice once 99% of the slices are occupied through
   related logic packing.

   Note that once logic distribution reaches the 99% level through related
   logic packing, this does not mean the device is completely utilized.
   Unrelated logic packing will then begin, continuing until all usable LUTs
   and FFs are occupied.  Depending on your timing budget, increased levels of
   unrelated logic packing may adversely affect the overall timing performance
   of your design.

Table of Contents
-----------------
Section 1 - Errors
Section 2 - Warnings
Section 3 - Informational
Section 4 - Removed Logic Summary
Section 5 - Removed Logic
Section 6 - IOB Properties
Section 7 - RPMs
Section 8 - Guide Report
Section 9 - Area Group and Partition Summary
Section 10 - Timing Report
Section 11 - Configuration String Information
Section 12 - Control Set Information
Section 13 - Utilization by Hierarchy

Section 1 - Errors
------------------

Section 2 - Warnings
--------------------

Section 3 - Informational
-------------------------
INFO:MapLib:562 - No environment variables are currently set.
INFO:LIT:244 - All of the single ended outputs in this design are using slew
   rate limited output drivers. The delay on speed critical single ended outputs
   can be dramatically reduced by designating them as fast outputs.

Section 4 - Removed Logic Summary
---------------------------------
  28 block(s) optimized away

Section 5 - Removed Logic
-------------------------

Optimized Block(s):
TYPE 		BLOCK
GND 		XST_GND
VCC 		XST_VCC
GND 		h1/XST_GND
VCC 		h1/XST_VCC
MUXCY 		Madd_isIn0_addsub0000_cy<0>
MUXCY 		Madd_isIn0_addsub0002_cy<0>
MUXCY 		Madd_isIn0_addsub0004_cy<0>
MUXCY 		Madd_isIn0_addsub0006_cy<0>
MUXCY 		Madd_isIn0_addsub0008_cy<0>
MUXCY 		Madd_isIn0_addsub0010_cy<0>
MUXCY 		Madd_isIn0_addsub0012_cy<0>
MUXCY 		Madd_isIn0_addsub0013_cy<0>
MUXCY 		Madd_isIn0_addsub0014_cy<0>
MUXCY 		Madd_isIn0_addsub0015_cy<0>
MUXCY 		Madd_isIn0_addsub0016_cy<0>
MUXCY 		Madd_isIn0_addsub0017_cy<0>
MUXCY 		Madd_isIn_add0000_cy<0>
MUXCY 		Madd_isIn_add0002_cy<0>
MUXCY 		Madd_isIn_add0004_cy<0>
MUXCY 		Madd_isIn_add0006_cy<0>
MUXCY 		Madd_isIn_add0008_cy<0>
MUXCY 		Madd_isIn_add0010_cy<0>
MUXCY 		Madd_isIn_addsub0000_cy<0>
MUXCY 		Madd_isIn_addsub0001_cy<0>
MUXCY 		Madd_isIn_addsub0002_cy<0>
MUXCY 		Madd_isIn_addsub0003_cy<0>
MUXCY 		Madd_isIn_addsub0004_cy<0>
MUXCY 		Madd_isIn_addsub0005_cy<0>

To enable printing of redundant blocks removed and signals merged, set the
detailed map report option and rerun map.

Section 6 - IOB Properties
--------------------------

+---------------------------------------------------------------------------------------------------------------------------------------------------------+
| IOB Name                           | Type             | Direction | IO Standard          | Diff  | Drive    | Slew | Reg (s)      | Resistor | IOB      |
|                                    |                  |           |                      | Term  | Strength | Rate |              |          | Delay    |
+---------------------------------------------------------------------------------------------------------------------------------------------------------+
| HSYNC                              | IOB              | OUTPUT    | LVCMOS25             |       | 2        | SLOW |              |          | 0 / 0    |
| Led<0>                             | IOB              | OUTPUT    | LVCMOS25             |       | 12       | SLOW |              |          | 0 / 0    |
| Led<1>                             | IOB              | OUTPUT    | LVCMOS25             |       | 12       | SLOW |              |          | 0 / 0    |
| Led<2>                             | IOB              | OUTPUT    | LVCMOS25             |       | 12       | SLOW |              |          | 0 / 0    |
| Led<3>                             | IOB              | OUTPUT    | LVCMOS25             |       | 12       | SLOW |              |          | 0 / 0    |
| Led<4>                             | IOB              | OUTPUT    | LVCMOS25             |       | 12       | SLOW |              |          | 0 / 0    |
| Led<5>                             | IOB              | OUTPUT    | LVCMOS25             |       | 12       | SLOW |              |          | 0 / 0    |
| Led<6>                             | IOB              | OUTPUT    | LVCMOS25             |       | 12       | SLOW |              |          | 0 / 0    |
| Led<7>                             | IOB              | OUTPUT    | LVCMOS25             |       | 12       | SLOW |              |          | 0 / 0    |
| OutBlue<1>                         | IOB              | OUTPUT    | LVCMOS25             |       | 2        | SLOW |              |          | 0 / 0    |
| OutBlue<2>                         | IOB              | OUTPUT    | LVCMOS25             |       | 2        | SLOW |              |          | 0 / 0    |
| OutGreen<0>                        | IOB              | OUTPUT    | LVCMOS25             |       | 2        | SLOW |              |          | 0 / 0    |
| OutGreen<1>                        | IOB              | OUTPUT    | LVCMOS25             |       | 2        | SLOW |              |          | 0 / 0    |
| OutGreen<2>                        | IOB              | OUTPUT    | LVCMOS25             |       | 2        | SLOW |              |          | 0 / 0    |
| OutRed<0>                          | IOB              | OUTPUT    | LVCMOS25             |       | 2        | SLOW |              |          | 0 / 0    |
| OutRed<1>                          | IOB              | OUTPUT    | LVCMOS25             |       | 2        | SLOW |              |          | 0 / 0    |
| OutRed<2>                          | IOB              | OUTPUT    | LVCMOS25             |       | 2        | SLOW |              |          | 0 / 0    |
| PS2C                               | IBUF             | INPUT     | LVCMOS25             |       |          |      |              | PULLUP   | 0 / 0    |
| PS2D                               | IBUF             | INPUT     | LVCMOS25             |       |          |      |              | PULLUP   | 0 / 0    |
| VSYNC                              | IOB              | OUTPUT    | LVCMOS25             |       | 2        | SLOW |              |          | 0 / 0    |
| mclk                               | IBUF             | INPUT     | LVCMOS25             |       |          |      |              |          | 0 / 0    |
+---------------------------------------------------------------------------------------------------------------------------------------------------------+

Section 7 - RPMs
----------------

Section 8 - Guide Report
------------------------
Guide not run on this design.

Section 9 - Area Group and Partition Summary
--------------------------------------------

Partition Implementation Status
-------------------------------

  No Partitions were found in this design.

-------------------------------

Area Group Information
----------------------

  No area groups were found in this design.

----------------------

Section 10 - Timing Report
--------------------------
This design was not run using timing mode.

Section 11 - Configuration String Details
-----------------------------------------
Use the "-detail" map option to print out Configuration Strings

Section 12 - Control Set Information
------------------------------------
No control set information for this architecture.

Section 13 - Utilization by Hierarchy
-------------------------------------
Use the "-detail" map option to print out the Utilization by Hierarchy section.
