INFO:sim:172 - Generating IP...
Applying current project options...
Finished applying current project options.
WARNING:sim - A core named 'horizon' already exists in the project. Output
   products for this core may be overwritten.
Resolving generics for 'horizon'...
WARNING:sim - A core named 'horizon' already exists in the project. Output
   products for this core may be overwritten.
Applying external generics to 'horizon'...
Delivering associated files for 'horizon'...
WARNING:sim - Component blk_mem_gen_v7_2 does not have a valid model name for
   Verilog synthesis
Delivering EJava files for 'horizon'...
Generating implementation netlist for 'horizon'...
INFO:sim - Pre-processing HDL files for 'horizon'...
Running synthesis for 'horizon'
Running ngcbuild...
Writing VEO instantiation template for 'horizon'...
Writing Verilog instantiation wrapper for 'horizon'...
Writing Verilog behavioral simulation model for 'horizon'...
WARNING:sim - No files were found for the view xilinx_documentation
Generating ASY schematic symbol...
INFO:sim:949 - Finished generation of ASY schematic symbol.
Generating SYM schematic symbol for 'horizon'...
Generating metadata file...
Regenerating ISE project file for 'horizon'...
Generating ISE project...
XCO file found: horizon.xco
XMDF file found: horizon_xmdf.tcl
Adding C:/Users/jelledevleeschouwer/Documents/Digitale
Elektronica/Project/Project1/ipcore_dir/tmp/_cg/horizon.asy -view all
-origin_type imported
Adding C:/Users/jelledevleeschouwer/Documents/Digitale
Elektronica/Project/Project1/ipcore_dir/tmp/_cg/horizon.ngc -view all
-origin_type created
Checking file "C:/Users/jelledevleeschouwer/Documents/Digitale
Elektronica/Project/Project1/ipcore_dir/tmp/_cg/horizon.ngc" for project device
match ...
File "C:/Users/jelledevleeschouwer/Documents/Digitale
Elektronica/Project/Project1/ipcore_dir/tmp/_cg/horizon.ngc" device information
matches project device.
Adding C:/Users/jelledevleeschouwer/Documents/Digitale
Elektronica/Project/Project1/ipcore_dir/tmp/_cg/horizon.sym -view all
-origin_type imported
Adding C:/Users/jelledevleeschouwer/Documents/Digitale
Elektronica/Project/Project1/ipcore_dir/tmp/_cg/horizon.v -view all -origin_type
created
INFO:HDLCompiler:1845 - Analyzing Verilog file
   "C:/Users/jelledevleeschouwer/Documents/Digitale
   Elektronica/Project/Project1/ipcore_dir/tmp/_cg/horizon.v" into library work
INFO:ProjectMgmt - Parsing design hierarchy completed successfully.
Adding C:/Users/jelledevleeschouwer/Documents/Digitale
Elektronica/Project/Project1/ipcore_dir/tmp/_cg/horizon.veo -view all
-origin_type imported
Adding C:/Users/jelledevleeschouwer/Documents/Digitale
Elektronica/Project/Project1/ipcore_dir/tmp/_cg/horizon_synth.v -view all
-origin_type created
INFO:HDLCompiler:1845 - Analyzing Verilog file
   "C:/Users/jelledevleeschouwer/Documents/Digitale
   Elektronica/Project/Project1/ipcore_dir/tmp/_cg/horizon_synth.v" into library
   work
INFO:ProjectMgmt - Parsing design hierarchy completed successfully.
INFO:TclTasksC:2116 - The automatic calculation of top has been turned-off.
   Please set the new top explicitly by running the "project set top" command.
   To re-calculate the new top automatically, set the "Auto Implementation Top"
   property to true.
Top level has been set to "/horizon"
Generating README file...
Generating FLIST file...
INFO:sim:948 - Finished FLIST file generation.
Launching README viewer...
Moving files to output directory...
Finished moving files to output directory
Wrote CGP file for project 'horizon'.
